#
# There is insufficient memory for the Java Runtime Environment to continue.
# Native memory allocation (malloc) failed to allocate 1048576 bytes for AllocateHeap
# Possible reasons:
#   The system is out of physical RAM or swap space
#   The process is running with CompressedOops enabled, and the Java Heap may be blocking the growth of the native heap
# Possible solutions:
#   Reduce memory load on the system
#   Increase physical memory or swap space
#   Check if swap backing store is full
#   Decrease Java heap size (-Xmx/-Xms)
#   Decrease number of Java threads
#   Decrease Java thread stack sizes (-Xss)
#   Set larger code cache with -XX:ReservedCodeCacheSize=
#   JVM is running with Unscaled Compressed Oops mode in which the Java heap is
#     placed in the first 4GB address space. The Java Heap base address is the
#     maximum limit for the native heap growth. Please use -XX:HeapBaseMinAddress
#     to set the Java Heap base and to place the Java Heap above 4GB virtual address.
# This output file may be truncated or incomplete.
#
#  Out of Memory Error (allocation.cpp:44), pid=2772, tid=21492
#
# JRE version:  (17.0.8+9) (build )
# Java VM: Java HotSpot(TM) 64-Bit Server VM (17.0.8+9-LTS-211, mixed mode, sharing, tiered, compressed oops, compressed class ptrs, g1 gc, windows-amd64)
# No core dump will be written. Minidumps are not enabled by default on client versions of Windows
#

---------------  S U M M A R Y ------------

Command Line: -Xmx128m org.apache.spark.launcher.Main org.apache.spark.deploy.SparkSubmit --master local[*] --packages org.apache.spark:spark-sql-kafka-0-10_2.13:3.4.4 spark_streaming_events.py

Host: 11th Gen Intel(R) Core(TM) i5-11400H @ 2.70GHz, 12 cores, 23G,  Windows 11 , 64 bit Build 22621 (10.0.22621.4391)
Time: Sat Jan 11 00:12:56 2025 SE Asia Standard Time elapsed time: 0.008072 seconds (0d 0h 0m 0s)

---------------  T H R E A D  ---------------

Current thread (0x000002a2cb18bc50):  JavaThread "Unknown thread" [_thread_in_vm, id=21492, stack(0x000000e5cd300000,0x000000e5cd400000)]

Stack: [0x000000e5cd300000,0x000000e5cd400000]
Native frames: (J=compiled Java code, j=interpreted, Vv=VM code, C=native code)
V  [jvm.dll+0x677d0a]
V  [jvm.dll+0x7d8c54]
V  [jvm.dll+0x7da3fe]
V  [jvm.dll+0x7daa63]
V  [jvm.dll+0x245c5f]
V  [jvm.dll+0xa50e3]
V  [jvm.dll+0x2e360e]
V  [jvm.dll+0x2db32b]
V  [jvm.dll+0x7aa711]
V  [jvm.dll+0x367b51]
V  [jvm.dll+0x789979]
V  [jvm.dll+0x3eb05f]
V  [jvm.dll+0x3ecae1]
C  [jli.dll+0x5297]
C  [ucrtbase.dll+0x29333]
C  [KERNEL32.DLL+0x1259d]
C  [ntdll.dll+0x5af38]


---------------  P R O C E S S  ---------------

Threads class SMR info:
_java_thread_list=0x00007ffa0b4159d8, length=0, elements={
}

Java Threads: ( => current thread )

Other Threads:
  0x000002a2cb1ace50 GCTaskThread "GC Thread#0" [stack: 0x000000e5cd400000,0x000000e5cd500000] [id=7052]

[error occurred during error reporting (printing all threads), id 0xc0000005, EXCEPTION_ACCESS_VIOLATION (0xc0000005) at pc=0x00007ffa0ac48580]

VM state: not at safepoint (not fully initialized)

VM Mutex/Monitor currently owned by a thread:  ([mutex/lock_event])
[0x000002a2cb186aa0] Heap_lock - owner thread: 0x000002a2cb18bc50

Heap address: 0x00000000f8000000, size: 128 MB, Compressed Oops mode: 32-bit

CDS archive(s) mapped at: [0x0000000000000000-0x0000000000000000-0x0000000000000000), size 0, SharedBaseAddress: 0x0000000800000000, ArchiveRelocationMode: 1.
Narrow klass base: 0x0000000000000000, Narrow klass shift: 0, Narrow klass range: 0x0

GC Precious Log:
<Empty>

Heap:
 garbage-first heap   total 0K, used 0K [0x00000000f8000000, 0x0000000100000000)
  region size 1024K, 0 young (0K), 0 survivors (0K)

[error occurred during error reporting (printing heap information), id 0xc0000005, EXCEPTION_ACCESS_VIOLATION (0xc0000005) at pc=0x00007ffa0b031499]

GC Heap History (0 events):
No events

Deoptimization events (0 events):
No events

Classes unloaded (0 events):
No events

Classes redefined (0 events):
No events

Internal exceptions (0 events):
No events

VM Operations (0 events):
No events

Events (1 events):
Event: 0.005 Loaded shared library C:\Program Files\Java\jdk-17\bin\java.dll


Dynamic libraries:
0x00007ff7ad9f0000 - 0x00007ff7ada00000 	C:\Program Files\Java\jdk-17\bin\java.exe
0x00007ffaffab0000 - 0x00007ffaffcc7000 	C:\WINDOWS\SYSTEM32\ntdll.dll
0x00007ffafea80000 - 0x00007ffafeb44000 	C:\WINDOWS\System32\KERNEL32.DLL
0x00007ffafd370000 - 0x00007ffafd72a000 	C:\WINDOWS\System32\KERNELBASE.dll
0x00007ffafcea0000 - 0x00007ffafcfb1000 	C:\WINDOWS\System32\ucrtbase.dll
0x00007ffa6f520000 - 0x00007ffa6f53b000 	C:\Program Files\Java\jdk-17\bin\VCRUNTIME140.dll
0x00007ffa759d0000 - 0x00007ffa759e9000 	C:\Program Files\Java\jdk-17\bin\jli.dll
0x00007ffafeb50000 - 0x00007ffafec02000 	C:\WINDOWS\System32\ADVAPI32.dll
0x00007ffafddb0000 - 0x00007ffafde57000 	C:\WINDOWS\System32\msvcrt.dll
0x00007ffaff810000 - 0x00007ffaff8b7000 	C:\WINDOWS\System32\sechost.dll
0x00007ffafd220000 - 0x00007ffafd248000 	C:\WINDOWS\System32\bcrypt.dll
0x00007ffaff6f0000 - 0x00007ffaff804000 	C:\WINDOWS\System32\RPCRT4.dll
0x00007ffafd7b0000 - 0x00007ffafd95e000 	C:\WINDOWS\System32\USER32.dll
0x00007ffafd1f0000 - 0x00007ffafd216000 	C:\WINDOWS\System32\win32u.dll
0x00007ffaf2e10000 - 0x00007ffaf30a2000 	C:\WINDOWS\WinSxS\amd64_microsoft.windows.common-controls_6595b64144ccf1df_6.0.22621.4541_none_2710d1c57384c085\COMCTL32.dll
0x00007ffafe0c0000 - 0x00007ffafe0e9000 	C:\WINDOWS\System32\GDI32.dll
0x00007ffafd250000 - 0x00007ffafd36b000 	C:\WINDOWS\System32\gdi32full.dll
0x00007ffafce00000 - 0x00007ffafce9a000 	C:\WINDOWS\System32\msvcp_win.dll
0x00007ffaf3630000 - 0x00007ffaf363a000 	C:\WINDOWS\SYSTEM32\VERSION.dll
0x00007ffaff8c0000 - 0x00007ffaff8f1000 	C:\WINDOWS\System32\IMM32.DLL
0x00007ffaa9960000 - 0x00007ffaa996c000 	C:\Program Files\Java\jdk-17\bin\vcruntime140_1.dll
0x00007ffa6ae40000 - 0x00007ffa6aece000 	C:\Program Files\Java\jdk-17\bin\msvcp140.dll
0x00007ffa0a960000 - 0x00007ffa0b53e000 	C:\Program Files\Java\jdk-17\bin\server\jvm.dll
0x00007ffaff6e0000 - 0x00007ffaff6e8000 	C:\WINDOWS\System32\PSAPI.DLL
0x00007ffaf3950000 - 0x00007ffaf3984000 	C:\WINDOWS\SYSTEM32\WINMM.dll
0x00007ffaf4820000 - 0x00007ffaf4829000 	C:\WINDOWS\SYSTEM32\WSOCK32.dll
0x00007ffafe0f0000 - 0x00007ffafe161000 	C:\WINDOWS\System32\WS2_32.dll
0x00007ffafbeb0000 - 0x00007ffafbec8000 	C:\WINDOWS\SYSTEM32\kernel.appcore.dll
0x00007ffaa9810000 - 0x00007ffaa981a000 	C:\Program Files\Java\jdk-17\bin\jimage.dll
0x00007ffafa5d0000 - 0x00007ffafa802000 	C:\WINDOWS\SYSTEM32\DBGHELP.DLL
0x00007ffafec20000 - 0x00007ffafefaf000 	C:\WINDOWS\System32\combase.dll
0x00007ffaff900000 - 0x00007ffaff9d7000 	C:\WINDOWS\System32\OLEAUT32.dll
0x00007ffaf1d50000 - 0x00007ffaf1d82000 	C:\WINDOWS\SYSTEM32\dbgcore.DLL
0x00007ffafcd80000 - 0x00007ffafcdfb000 	C:\WINDOWS\System32\bcryptPrimitives.dll
0x00007ffa6be60000 - 0x00007ffa6be85000 	C:\Program Files\Java\jdk-17\bin\java.dll

dbghelp: loaded successfully - version: 4.0.5 - missing functions: none
symbol engine: initialized successfully - sym options: 0x614 - pdb path: .;C:\Program Files\Java\jdk-17\bin;C:\WINDOWS\SYSTEM32;C:\WINDOWS\WinSxS\amd64_microsoft.windows.common-controls_6595b64144ccf1df_6.0.22621.4541_none_2710d1c57384c085;C:\Program Files\Java\jdk-17\bin\server

VM Arguments:
jvm_args: -Xmx128m 
java_command: org.apache.spark.launcher.Main org.apache.spark.deploy.SparkSubmit --master local[*] --packages org.apache.spark:spark-sql-kafka-0-10_2.13:3.4.4 spark_streaming_events.py
java_class_path (initial): C:\spark\spark-3.4.4-bin-hadoop3\jars\activation-1.1.1.jar;C:\spark\spark-3.4.4-bin-hadoop3\jars\aircompressor-0.21.jar;C:\spark\spark-3.4.4-bin-hadoop3\jars\algebra_2.12-2.0.1.jar;C:\spark\spark-3.4.4-bin-hadoop3\jars\annotations-17.0.0.jar;C:\spark\spark-3.4.4-bin-hadoop3\jars\antlr-runtime-3.5.2.jar;C:\spark\spark-3.4.4-bin-hadoop3\jars\antlr4-runtime-4.9.3.jar;C:\spark\spark-3.4.4-bin-hadoop3\jars\aopalliance-repackaged-2.6.1.jar;C:\spark\spark-3.4.4-bin-hadoop3\jars\arpack-3.0.3.jar;C:\spark\spark-3.4.4-bin-hadoop3\jars\arpack_combined_all-0.1.jar;C:\spark\spark-3.4.4-bin-hadoop3\jars\arrow-format-11.0.0.jar;C:\spark\spark-3.4.4-bin-hadoop3\jars\arrow-memory-core-11.0.0.jar;C:\spark\spark-3.4.4-bin-hadoop3\jars\arrow-memory-netty-11.0.0.jar;C:\spark\spark-3.4.4-bin-hadoop3\jars\arrow-vector-11.0.0.jar;C:\spark\spark-3.4.4-bin-hadoop3\jars\audience-annotations-0.5.0.jar;C:\spark\spark-3.4.4-bin-hadoop3\jars\avro-1.11.1.jar;C:\spark\spark-3.4.4-bin-hadoop3\jars\avro-ipc-1.11.1.jar;C:\spark\spark-3.4.4-bin-hadoop3\jars\avro-mapred-1.11.1.jar;C:\spark\spark-3.4.4-bin-hadoop3\jars\blas-3.0.3.jar;C:\spark\spark-3.4.4-bin-hadoop3\jars\bonecp-0.8.0.RELEASE.jar;C:\spark\spark-3.4.4-bin-hadoop3\jars\breeze-macros_2.12-2.1.0.jar;C:\spark\spark-3.4.4-bin-hadoop3\jars\breeze_2.12-2.1.0.jar;C:\spark\spark-3.4.4-bin-hadoop3\jars\cats-kernel_2.12-2.1.1.jar;C:\spark\spark-3.4.4-bin-hadoop3\jars\chill-java-0.10.0.jar;C:\spark\spark-3.4.4-bin-hadoop3\jars\chill_2.12-0.10.0.jar;C:\spark\spark-3.4.4-bin-hadoop3\jars\commons-cli-1.5.0.jar;C:\spark\spark-3.4.4-bin-hadoop3\jars\commons-codec-1.15.jar;C:\spark\spark-3.4.4-bin-hadoop3\jars\commons-collections-3.2.2.jar;C:\spark\spark-3.4.4-bin-hadoop3\jars\commons-collections4-4.4.jar;C:\spark\spark-3.4.4-bin-hadoop3\jars\commons-compiler-3.1.9.jar;C:\spark\spark-3.4.4-bin-hadoop3\jars\commons-compress-1.22.jar;C:\spark\spark-3.4.4-bin-hadoop3\jars\commons-crypto-1.1.0.jar;C:\spark\spark-3.4.4-bin-hadoop3\ja
Launcher Type: SUN_STANDARD

[Global flags]
     intx CICompilerCount                          = 4                                         {product} {ergonomic}
     uint ConcGCThreads                            = 3                                         {product} {ergonomic}
     uint G1ConcRefinementThreads                  = 10                                        {product} {ergonomic}
   size_t G1HeapRegionSize                         = 1048576                                   {product} {ergonomic}
    uintx GCDrainStackTargetSize                   = 64                                        {product} {ergonomic}
   size_t InitialHeapSize                          = 134217728                                 {product} {ergonomic}
   size_t MarkStackSize                            = 4194304                                   {product} {ergonomic}
   size_t MaxHeapSize                              = 134217728                                 {product} {command line}
   size_t MinHeapDeltaBytes                        = 1048576                                   {product} {ergonomic}
   size_t MinHeapSize                              = 8388608                                   {product} {ergonomic}
    uintx NonNMethodCodeHeapSize                   = 5839372                                {pd product} {ergonomic}
    uintx NonProfiledCodeHeapSize                  = 122909434                              {pd product} {ergonomic}
    uintx ProfiledCodeHeapSize                     = 122909434                              {pd product} {ergonomic}
    uintx ReservedCodeCacheSize                    = 251658240                              {pd product} {ergonomic}
     bool SegmentedCodeCache                       = true                                      {product} {ergonomic}
   size_t SoftMaxHeapSize                          = 134217728                              {manageable} {ergonomic}
     bool UseCompressedClassPointers               = true                           {product lp64_product} {ergonomic}
     bool UseCompressedOops                        = true                           {product lp64_product} {ergonomic}
     bool UseG1GC                                  = true                                      {product} {ergonomic}
     bool UseLargePagesIndividualAllocation        = false                                  {pd product} {ergonomic}

Logging:
Log output configuration:
 #0: stdout all=warning uptime,level,tags
 #1: stderr all=off uptime,level,tags

Environment Variables:
JAVA_HOME=C:\Program Files\Java\jdk-17
PATH=C:\Users\ASUS\OneDrive\Desktop\Projects\StreamingBigData\End-To-End-Streaming-Big-Data\venv/Scripts;C:\Windows\system32;C:\Windows;C:\Windows\System32\Wbem;C:\Windows\System32\WindowsPowerShell\v1.0\;C:\Windows\System32\OpenSSH\;C:\Program Files (x86)\NVIDIA Corporation\PhysX\Common;C:\Program Files\NVIDIA Corporation\NVIDIA NvDLISR;C:\WINDOWS\system32;C:\WINDOWS;C:\WINDOWS\System32\Wbem;C:\WINDOWS\System32\WindowsPowerShell\v1.0\;C:\WINDOWS\System32\OpenSSH\;C:\Program Files (x86)\Microsoft SQL Server\160\Tools\Binn\;C:\Program Files\Microsoft SQL Server\160\Tools\Binn\;C:\Program Files\Microsoft SQL Server\Client SDK\ODBC\170\Tools\Binn\;C:\Program Files\Microsoft SQL Server\160\DTS\Binn\;C:\Program Files\Cloudflare\Cloudflare WARP\;C:\Program Files (x86)\Windows Kits\10\Windows Performance Toolkit\;C:\Program Files\Docker\Docker\resources\bin;C:\Program Files\Git\cmd;C:\ProgramData\chocolatey\bin;d:\100\Tools\Binn\;d:\Program Files\100\Tools\Binn\;d:\Program Files\100\DTS\Binn\;d:\100\Tools\Binn\VSShell\Common7\IDE\;d:\100\DTS\Binn\;C:\spark\spark-3.4.4-bin-hadoop3\bin;C:\hadoop\bin;C:\Program Files\Java\jdk-17\bin;C:\Program Files\MySQL\MySQL Shell 8.0\bin\;C:\Users\ASUS\AppData\Local\Programs\Python\Python311\Scripts\;C:\Users\ASUS\AppData\Local\Programs\Python\Python311\;C:\Users\ASUS\AppData\Local\Microsoft\WindowsApps;C:\Users\ASUS\AppData\Local\Programs\Microsoft VS Code\bin;C:\Program Files\JetBrains\PyCharm Community Edition 2022.2.4\bin;
USERNAME=ASUS
OS=Windows_NT
PROCESSOR_IDENTIFIER=Intel64 Family 6 Model 141 Stepping 1, GenuineIntel



---------------  S Y S T E M  ---------------

OS:
 Windows 11 , 64 bit Build 22621 (10.0.22621.4391)
OS uptime: 0 days 5:02 hours
Hyper-V role detected

CPU: total 12 (initial active 12) (6 cores per cpu, 2 threads per core) family 6 model 141 stepping 1 microcode 0x34, cx8, cmov, fxsr, ht, mmx, 3dnowpref, sse, sse2, sse3, ssse3, sse4.1, sse4.2, popcnt, lzcnt, tsc, tscinvbit, avx, avx2, aes, erms, clmul, bmi1, bmi2, adx, avx512f, avx512dq, avx512cd, avx512bw, avx512vl, sha, fma, vzeroupper, avx512_vpopcntdq, avx512_vpclmulqdq, avx512_vaes, avx512_vnni, clflush, clflushopt, clwb, avx512_vbmi2, avx512_vbmi, hv

Memory: 4k page, system-wide physical 24313M (7210M free)
TotalPageFile size 24313M (AvailPageFile size 0M)
current process WorkingSet (physical memory assigned to process): 11M, peak: 11M
current process commit charge ("private bytes"): 54M, peak: 55M

vm_info: Java HotSpot(TM) 64-Bit Server VM (17.0.8+9-LTS-211) for windows-amd64 JRE (17.0.8+9-LTS-211), built on Jun 14 2023 10:34:31 by "mach5one" with MS VC++ 17.1 (VS2022)

END.
